10:23:11.643 ERROR c.e.a.b.i.LClassTypeImplCustom [353] As long the model contains unresolveable references, no statements are generated
13:02:03.738 INFO  c.e.a.b.c.BuildStatusMonitorLogging [21] EUnit build started
13:02:03.804 INFO  c.e.e.c.c.CodeGenerationConfiguration [93] Validating launcher options of 'ContinousTrackTest_EUnit'
13:02:04.695 INFO  c.e.a.b.c.BuildStatusMonitorLogging [21] Model dependency analysis                (took: 169,0 ms)
13:02:04.764 INFO  c.e.a.b.c.BuildStatusMonitorLogging [21] Validating generation resources          (took: 54,57 ms)
13:02:06.134 INFO  c.e.a.b.c.BuildStatusMonitorLogging [21] Intermediate code generation             (took: 1,367 s)
13:02:06.287 INFO  c.e.a.b.c.BuildStatusMonitorLogging [21] C code pre-processing                    (took: 488,6 μs)
13:02:21.615 INFO  c.e.a.b.c.BuildStatusMonitorLogging [21] C code generation                        (took: 15,33 s)
13:02:22.858 INFO  c.e.a.b.c.BuildStatusMonitorLogging [21] C code post-processing                   (took: 1,240 s)
13:02:34.455 INFO  c.e.a.b.c.BuildStatusMonitorLogging [21] start compiling
13:03:01.178 INFO  c.e.a.b.c.BuildStatusMonitorLogging [21] compiling (took: 26,72 s)

13:03:01.196 INFO  c.e.a.b.c.BuildStatusMonitorLogging [21] EUnit build finished (took: 57,46 s)

13:03:14.806 INFO  c.e.a.b.c.BuildStatusMonitorLogging [21] EUnit build started
13:03:14.829 INFO  c.e.e.c.c.CodeGenerationConfiguration [93] Validating launcher options of 'ComponentTest_EUnit'
13:03:15.007 INFO  c.e.a.b.c.BuildStatusMonitorLogging [21] Model dependency analysis                (took: 148,0 ms)
13:03:15.057 INFO  c.e.a.b.c.BuildStatusMonitorLogging [21] Validating generation resources          (took: 45,92 ms)
13:03:16.147 INFO  c.e.a.b.c.BuildStatusMonitorLogging [21] Intermediate code generation             (took: 1,089 s)
13:03:16.429 INFO  c.e.a.b.c.BuildStatusMonitorLogging [21] C code pre-processing                    (took: 251,4 ms)
13:03:21.933 INFO  c.e.a.b.c.BuildStatusMonitorLogging [21] C code generation                        (took: 5,504 s)
13:03:23.803 INFO  c.e.a.b.c.BuildStatusMonitorLogging [21] C code post-processing                   (took: 1,870 s)
13:03:30.874 INFO  c.e.a.b.c.BuildStatusMonitorLogging [21] start compiling
13:03:51.243 INFO  c.e.a.b.c.BuildStatusMonitorLogging [21] compiling (took: 20,37 s)

13:03:51.360 INFO  c.e.a.b.c.BuildStatusMonitorLogging [21] EUnit build finished (took: 36,55 s)

